{
  "RSpec": {
    "coverage": {
      "/home/tyler/development/Legend-of-Moltar/config/environment.rb": [
        null,
        1,
        null,
        null,
        1
      ],
      "/home/tyler/development/Legend-of-Moltar/config/application.rb": [
        1,
        null,
        1,
        null,
        null,
        null,
        1,
        null,
        1,
        1,
        null,
        null,
        null,
        null,
        null,
        null,
        null,
        null,
        null,
        null,
        null,
        null,
        null
      ],
      "/home/tyler/development/Legend-of-Moltar/config/boot.rb": [
        null,
        1,
        null,
        1
      ],
      "/home/tyler/development/Legend-of-Moltar/config/environments/test.rb": [
        1,
        null,
        null,
        null,
        null,
        null,
        null,
        1,
        null,
        null,
        null,
        null,
        1,
        null,
        null,
        1,
        1,
        null,
        null,
        1,
        1,
        null,
        null,
        1,
        null,
        null,
        1,
        null,
        null,
        null,
        null,
        1,
        null,
        null,
        1,
        null
      ],
      "/home/tyler/development/Legend-of-Moltar/config/initializers/backtrace_silencers.rb": [
        null,
        null,
        null,
        null,
        null,
        null,
        null
      ],
      "/home/tyler/development/Legend-of-Moltar/config/initializers/filter_parameter_logging.rb": [
        null,
        null,
        null,
        1
      ],
      "/home/tyler/development/Legend-of-Moltar/config/initializers/inflections.rb": [
        null,
        null,
        null,
        null,
        null,
        null,
        null,
        null,
        null,
        null,
        null,
        null,
        null,
        null,
        null,
        null
      ],
      "/home/tyler/development/Legend-of-Moltar/config/initializers/mime_types.rb": [
        null,
        null,
        null,
        null,
        null
      ],
      "/home/tyler/development/Legend-of-Moltar/config/initializers/secret_token.rb": [
        null,
        null,
        null,
        null,
        null,
        null,
        null,
        null,
        null,
        null,
        null,
        1
      ],
      "/home/tyler/development/Legend-of-Moltar/config/initializers/session_store.rb": [
        null,
        null,
        1
      ],
      "/home/tyler/development/Legend-of-Moltar/config/initializers/twitter_setup.rb": [
        1,
        1,
        1,
        0,
        0,
        0,
        0,
        0,
        null,
        null,
        null
      ],
      "/home/tyler/development/Legend-of-Moltar/config/initializers/wrap_parameters.rb": [
        null,
        null,
        null,
        null,
        null,
        null,
        1,
        1,
        null,
        null,
        null,
        null,
        null,
        null
      ],
      "/home/tyler/development/Legend-of-Moltar/config/routes.rb": [
        1,
        1,
        null,
        1,
        null,
        1,
        null
      ],
      "/home/tyler/development/Legend-of-Moltar/app/helpers/application_helper.rb": [
        1,
        null
      ],
      "/home/tyler/development/Legend-of-Moltar/app/helpers/browser_helper.rb": [
        1,
        null
      ],
      "/home/tyler/development/Legend-of-Moltar/app/helpers/users_helper.rb": [
        1,
        null
      ],
      "/home/tyler/development/Legend-of-Moltar/app/controllers/tweets_controller.rb": [
        1,
        null,
        1,
        1,
        null,
        1,
        null,
        null,
        1,
        null,
        null,
        1,
        null,
        0,
        null,
        0,
        null,
        0,
        null,
        0,
        0,
        0,
        null,
        null,
        0,
        null,
        null,
        0,
        null,
        null,
        0,
        0,
        null,
        null,
        1,
        1,
        null,
        null
      ],
      "/home/tyler/development/Legend-of-Moltar/lib/formater/sse.rb": [
        1,
        null,
        1,
        1,
        1,
        0,
        null,
        null,
        1,
        0,
        0,
        null,
        0,
        null,
        null,
        1,
        0,
        null,
        null,
        null
      ],
      "/home/tyler/development/Legend-of-Moltar/app/controllers/application_controller.rb": [
        1,
        null,
        null,
        1,
        null
      ]
    },
    "timestamp": 1385868802
  }
}
